[2025-01-14 16:16:12] - INFO - >>>>>>>>>>Starting Data Ingestion Stage<<<<<<<<<<<
[2025-01-14 16:16:12] - INFO - Yaml file read successfully
[2025-01-14 16:16:12] - INFO - Yaml file read successfully
[2025-01-14 16:16:12] - INFO - Yaml file read successfully
[2025-01-14 16:16:12] - INFO - Directory created at artifacts
[2025-01-14 16:16:12] - INFO - ConfigurationManager initialized successfully.
[2025-01-14 16:16:12] - INFO - Directory created at artifacts/data_ingestion
[2025-01-14 16:16:12] - INFO - Data ingestion configuration fetched successfully.
[2025-01-14 16:16:12] - INFO - DataIngestion instance created successfully.
[2025-01-14 16:16:14] - INFO - Downloaded file from https://github.com/krishnaik06/datasets/raw/refs/heads/main/winequality-data.zip to artifacts/data_ingestion/data.zip
[2025-01-14 16:16:14] - INFO - File downloaded successfully.
[2025-01-14 16:16:14] - INFO - Extracted ZIP file to artifacts/data_ingestion
[2025-01-14 16:16:14] - INFO - Zip file extracted successfully.
[2025-01-14 16:16:14] - INFO - >>>>>>>>>>Data Ingestion Stage completed successfully.<<<<<<<<<<<
[2025-01-15 00:05:35] - INFO - Data validation script started...
[2025-01-15 00:05:35] - INFO - Initializing ConfigurationManager.
[2025-01-15 00:05:35] - ERROR - An unexpected error occurred: Error occurred in python script name [C:\Users\nasir\AppData\Local\Temp\ipykernel_31124\957994603.py] line number [6] error message['ConfigurationManager' object has no attribute 'config']
[2025-01-15 00:08:42] - INFO - Data validation script started...
[2025-01-15 00:08:42] - INFO - Initializing ConfigurationManager.
[2025-01-15 00:08:42] - ERROR - An unexpected error occurred: Error occurred in python script name [C:\Users\nasir\AppData\Local\Temp\ipykernel_31124\1318966036.py] line number [6] error message['ConfigurationManager' object has no attribute 'config']
[2025-01-15 00:17:43] - INFO - Data validation script started...
[2025-01-15 00:17:43] - INFO - Initializing ConfigurationManager.
[2025-01-15 00:17:43] - INFO - Yaml file read successfully
[2025-01-15 00:17:44] - INFO - Yaml file read successfully
[2025-01-15 00:17:44] - INFO - Yaml file read successfully
[2025-01-15 00:17:44] - INFO - Directory created at artifacts
[2025-01-15 00:17:44] - INFO - Fetching data validation configuration.
[2025-01-15 00:17:44] - INFO - Directory created at artifacts/data_validation
[2025-01-15 00:17:44] - INFO - Initializing DataValidation.
[2025-01-15 00:17:44] - INFO - Running data validation.
[2025-01-15 00:17:44] - INFO - Data validation started...
[2025-01-15 00:17:44] - ERROR - Data validation failed: Error occurred in python script name [C:\Users\nasir\AppData\Local\Temp\ipykernel_31124\3618654381.py] line number [52] error message[[Errno 2] No such file or directory: 'artifacts/data_ingestion/winequality-white.csv']
[2025-01-15 00:17:44] - ERROR - An unexpected error occurred: Error occurred in python script name [C:\Users\nasir\AppData\Local\Temp\ipykernel_31124\1318966036.py] line number [18] error message[Error occurred in python script name [C:\Users\nasir\AppData\Local\Temp\ipykernel_31124\3618654381.py] line number [52] error message[[Errno 2] No such file or directory: 'artifacts/data_ingestion/winequality-white.csv']]
[2025-01-15 00:20:50] - INFO - Data validation script started...
[2025-01-15 00:20:50] - INFO - Initializing ConfigurationManager.
[2025-01-15 00:20:50] - INFO - Yaml file read successfully
[2025-01-15 00:20:50] - INFO - Yaml file read successfully
[2025-01-15 00:20:50] - INFO - Yaml file read successfully
[2025-01-15 00:20:50] - INFO - Directory created at artifacts
[2025-01-15 00:20:50] - INFO - Fetching data validation configuration.
[2025-01-15 00:20:50] - INFO - Directory created at artifacts/data_validation
[2025-01-15 00:20:50] - INFO - Initializing DataValidation.
[2025-01-15 00:20:50] - INFO - Running data validation.
[2025-01-15 00:20:50] - INFO - Data validation started...
[2025-01-15 00:20:51] - INFO - Data loaded successfully...
[2025-01-15 00:20:51] - INFO - Schema keys loaded successfully...
[2025-01-15 00:20:51] - INFO - Column validation started...
[2025-01-15 00:20:51] - INFO - Data validation completed successfully...
[2025-01-15 00:20:51] - INFO - Data validation successful.
[2025-01-15 01:03:53] - INFO - >>>>>>>>>>Starting Data Ingestion Stage<<<<<<<<<<<
[2025-01-15 01:03:53] - INFO - Yaml file read successfully
[2025-01-15 01:03:53] - INFO - Yaml file read successfully
[2025-01-15 01:03:53] - INFO - Yaml file read successfully
[2025-01-15 01:03:53] - INFO - Directory created at artifacts
[2025-01-15 01:03:53] - INFO - ConfigurationManager initialized successfully.
[2025-01-15 01:03:53] - INFO - Directory created at artifacts/data_ingestion
[2025-01-15 01:03:53] - INFO - Data ingestion configuration fetched successfully.
[2025-01-15 01:03:53] - INFO - DataIngestion instance created successfully.
[2025-01-15 01:03:53] - INFO - File already exists at artifacts/data_ingestion/data.zip
[2025-01-15 01:03:53] - INFO - File downloaded successfully.
[2025-01-15 01:03:53] - INFO - Extracted ZIP file to artifacts/data_ingestion
[2025-01-15 01:03:53] - INFO - Zip file extracted successfully.
[2025-01-15 01:03:53] - INFO - >>>>>>>>>>Data Ingestion Stage completed successfully.<<<<<<<<<<<
[2025-01-15 01:03:53] - INFO - >>>>>>>>>>Starting Data Validation Stage<<<<<<<<<<<
[2025-01-15 01:03:53] - INFO - Data validation script started....
[2025-01-15 01:03:53] - INFO - Initializing ConfigurationManager....
[2025-01-15 01:03:53] - INFO - Yaml file read successfully
[2025-01-15 01:03:53] - INFO - Yaml file read successfully
[2025-01-15 01:03:53] - INFO - Yaml file read successfully
[2025-01-15 01:03:53] - INFO - Directory created at artifacts
[2025-01-15 01:03:53] - INFO - Fetching data validation configuration....
[2025-01-15 01:03:53] - INFO - Directory created at artifacts/data_validation
[2025-01-15 01:03:53] - INFO - Initializing DataValidation....
[2025-01-15 01:03:53] - INFO - Running data validation....
[2025-01-15 01:03:53] - INFO - Data validation started...
[2025-01-15 01:03:54] - INFO - Data loaded successfully...
[2025-01-15 01:03:54] - INFO - Schema keys loaded successfully...
[2025-01-15 01:03:54] - INFO - Column validation started...
[2025-01-15 01:03:54] - INFO - Data validation completed successfully...
[2025-01-15 01:03:54] - INFO - Data validation successful....
[2025-01-15 01:03:54] - INFO - >>>>>>>>>>Data Validation Stage completed successfully.<<<<<<<<<<<
[2025-01-15 02:37:30] - INFO - Yaml file read successfully
[2025-01-15 02:37:30] - INFO - Yaml file read successfully
[2025-01-15 02:37:30] - INFO - Yaml file read successfully
[2025-01-15 02:37:30] - INFO - Directory created at artifacts
[2025-01-15 02:37:30] - INFO - Directory created at artifacts/data_transformation
[2025-01-15 02:37:30] - INFO - Train Test Splitting Started....
[2025-01-15 02:37:30] - INFO - Data Loaded Successfully....
[2025-01-15 02:37:30] - INFO - Data Split Successfully....
[2025-01-15 02:37:31] - INFO - Data Saved Successfully....
[2025-01-15 02:37:31] - INFO - (400, 12)
[2025-01-15 02:37:31] - INFO - (1199, 12)
[2025-01-15 02:38:42] - INFO - Yaml file read successfully
[2025-01-15 02:38:42] - INFO - Yaml file read successfully
[2025-01-15 02:38:42] - INFO - Yaml file read successfully
[2025-01-15 02:38:42] - INFO - Directory created at artifacts
[2025-01-15 02:38:42] - INFO - Directory created at artifacts/data_transformation
[2025-01-15 02:38:42] - INFO - Train Test Splitting Started....
[2025-01-15 02:38:42] - INFO - Data Loaded Successfully....
[2025-01-15 02:38:42] - INFO - Data Split Successfully....
[2025-01-15 02:38:42] - INFO - Data Saved Successfully....
[2025-01-15 02:38:42] - INFO - test shape is (400, 12)
[2025-01-15 02:38:42] - INFO - train shape is (1199, 12)
[2025-01-15 02:53:35] - INFO - >>>>>>>>>>Starting Data Ingestion Stage<<<<<<<<<<<
[2025-01-15 02:53:35] - INFO - Yaml file read successfully
[2025-01-15 02:53:35] - INFO - Yaml file read successfully
[2025-01-15 02:53:35] - INFO - Yaml file read successfully
[2025-01-15 02:53:35] - INFO - Directory created at artifacts
[2025-01-15 02:53:35] - INFO - ConfigurationManager initialized successfully.
[2025-01-15 02:53:35] - INFO - Directory created at artifacts/data_ingestion
[2025-01-15 02:53:35] - INFO - Data ingestion configuration fetched successfully.
[2025-01-15 02:53:35] - INFO - DataIngestion instance created successfully.
[2025-01-15 02:53:35] - INFO - File already exists at artifacts/data_ingestion/data.zip
[2025-01-15 02:53:35] - INFO - File downloaded successfully.
[2025-01-15 02:53:35] - INFO - Extracted ZIP file to artifacts/data_ingestion
[2025-01-15 02:53:35] - INFO - Zip file extracted successfully.
[2025-01-15 02:53:35] - INFO - >>>>>>>>>>Data Ingestion Stage completed successfully.<<<<<<<<<<<
[2025-01-15 02:53:35] - INFO - >>>>>>>>>>Starting Data Validation Stage<<<<<<<<<<<
[2025-01-15 02:53:35] - INFO - Data validation script started....
[2025-01-15 02:53:35] - INFO - Initializing ConfigurationManager....
[2025-01-15 02:53:35] - INFO - Yaml file read successfully
[2025-01-15 02:53:35] - INFO - Yaml file read successfully
[2025-01-15 02:53:35] - INFO - Yaml file read successfully
[2025-01-15 02:53:35] - INFO - Directory created at artifacts
[2025-01-15 02:53:35] - INFO - Fetching data validation configuration....
[2025-01-15 02:53:35] - INFO - Directory created at artifacts/data_validation
[2025-01-15 02:53:35] - INFO - Initializing DataValidation....
[2025-01-15 02:53:35] - INFO - Running data validation....
[2025-01-15 02:53:35] - INFO - Data validation started...
[2025-01-15 02:53:35] - INFO - Data loaded successfully...
[2025-01-15 02:53:35] - INFO - Schema keys loaded successfully...
[2025-01-15 02:53:35] - INFO - Column validation started...
[2025-01-15 02:53:35] - INFO - Data validation completed successfully...
[2025-01-15 02:53:35] - INFO - Data validation successful....
[2025-01-15 02:53:35] - INFO - >>>>>>>>>>Data Validation Stage completed successfully.<<<<<<<<<<<
[2025-01-15 02:53:35] - INFO - >>>>>> Starting stage Data Transformation stage <<<<<<
[2025-01-15 02:53:35] - INFO - Yaml file read successfully
[2025-01-15 02:53:35] - INFO - Yaml file read successfully
[2025-01-15 02:53:35] - INFO - Yaml file read successfully
[2025-01-15 02:53:35] - INFO - Directory created at artifacts
[2025-01-15 02:53:35] - INFO - ConfigurationManager initialized successfully.
[2025-01-15 02:53:35] - INFO - Directory created at artifacts/data_transformation
[2025-01-15 02:53:35] - INFO - Data transformation configuration fetched successfully.
[2025-01-15 02:53:35] - INFO - >>>>>> Data Transformation stage completed successfully. <<<<<<
[2025-01-15 14:34:49] - INFO - Yaml file read successfully
[2025-01-15 14:34:49] - INFO - Yaml file read successfully
[2025-01-15 14:34:49] - INFO - Yaml file read successfully
[2025-01-15 14:34:49] - INFO - Directory created at artifacts
[2025-01-15 14:35:45] - INFO - Yaml file read successfully
[2025-01-15 14:35:45] - INFO - Yaml file read successfully
[2025-01-15 14:35:45] - INFO - Yaml file read successfully
[2025-01-15 14:35:45] - INFO - Directory created at artifacts
[2025-01-15 14:36:54] - INFO - Yaml file read successfully
[2025-01-15 14:36:54] - INFO - Yaml file read successfully
[2025-01-15 14:36:54] - INFO - Yaml file read successfully
[2025-01-15 14:36:54] - INFO - Directory created at artifacts
[2025-01-15 14:37:23] - INFO - Yaml file read successfully
[2025-01-15 14:37:23] - INFO - Yaml file read successfully
[2025-01-15 14:37:23] - INFO - Yaml file read successfully
[2025-01-15 14:37:23] - INFO - Directory created at artifacts
[2025-01-15 14:37:23] - INFO - Directory created at artifacts/model_trainer
[2025-01-15 14:40:41] - INFO - Yaml file read successfully
[2025-01-15 14:40:41] - INFO - Yaml file read successfully
[2025-01-15 14:40:41] - INFO - Yaml file read successfully
[2025-01-15 14:40:41] - INFO - Directory created at artifacts
[2025-01-15 14:40:41] - INFO - Directory created at artifacts/model_trainer
[2025-01-15 14:43:23] - INFO - Yaml file read successfully
[2025-01-15 14:43:23] - INFO - Yaml file read successfully
[2025-01-15 14:43:23] - INFO - Yaml file read successfully
[2025-01-15 14:43:23] - INFO - Directory created at artifacts
[2025-01-15 14:43:23] - INFO - Directory created at artifacts/model_trainer
[2025-01-15 14:48:24] - INFO - Yaml file read successfully
[2025-01-15 14:48:24] - INFO - Yaml file read successfully
[2025-01-15 14:48:24] - INFO - Yaml file read successfully
[2025-01-15 14:48:24] - INFO - Directory created at artifacts
[2025-01-15 14:48:24] - INFO - Directory created at artifacts/model_trainer
[2025-01-15 14:48:24] - INFO - Training the model Started...
[2025-01-15 14:48:24] - INFO - Reading the datasets...
[2025-01-15 14:48:25] - INFO - Separating features and target...
[2025-01-15 14:48:25] - INFO - strart the model building... 
[2025-01-15 14:48:25] - INFO - Training the model...
[2025-01-15 14:48:25] - INFO - Model training completed...
[2025-01-15 14:48:25] - INFO - Saving the model...
[2025-01-15 14:48:25] - INFO - Model saved...
[2025-01-15 15:04:58] - INFO - >>>>>>>>>>Starting Data Ingestion Stage<<<<<<<<<<<
[2025-01-15 15:04:58] - INFO - Yaml file read successfully
[2025-01-15 15:04:58] - INFO - Yaml file read successfully
[2025-01-15 15:04:58] - INFO - Yaml file read successfully
[2025-01-15 15:04:58] - INFO - Directory created at artifacts
[2025-01-15 15:04:58] - INFO - ConfigurationManager initialized successfully.
[2025-01-15 15:04:58] - INFO - Directory created at artifacts/data_ingestion
[2025-01-15 15:04:58] - INFO - Data ingestion configuration fetched successfully.
[2025-01-15 15:04:58] - INFO - DataIngestion instance created successfully.
[2025-01-15 15:04:58] - INFO - File already exists at artifacts/data_ingestion/data.zip
[2025-01-15 15:04:58] - INFO - File downloaded successfully.
[2025-01-15 15:04:58] - INFO - Extracted ZIP file to artifacts/data_ingestion
[2025-01-15 15:04:58] - INFO - Zip file extracted successfully.
[2025-01-15 15:04:58] - INFO - >>>>>>>>>>Data Ingestion Stage completed successfully.<<<<<<<<<<<
[2025-01-15 15:04:58] - INFO - >>>>>>>>>>Starting Data Validation Stage<<<<<<<<<<<
[2025-01-15 15:04:58] - INFO - Data validation script started....
[2025-01-15 15:04:58] - INFO - Initializing ConfigurationManager....
[2025-01-15 15:04:58] - INFO - Yaml file read successfully
[2025-01-15 15:04:58] - INFO - Yaml file read successfully
[2025-01-15 15:04:58] - INFO - Yaml file read successfully
[2025-01-15 15:04:58] - INFO - Directory created at artifacts
[2025-01-15 15:04:58] - INFO - Fetching data validation configuration....
[2025-01-15 15:04:58] - INFO - Directory created at artifacts/data_validation
[2025-01-15 15:04:58] - INFO - Initializing DataValidation....
[2025-01-15 15:04:58] - INFO - Running data validation....
[2025-01-15 15:04:58] - INFO - Data validation started...
[2025-01-15 15:04:58] - INFO - Data loaded successfully...
[2025-01-15 15:04:58] - INFO - Schema keys loaded successfully...
[2025-01-15 15:04:58] - INFO - Column validation started...
[2025-01-15 15:04:58] - INFO - Data validation completed successfully...
[2025-01-15 15:04:58] - INFO - Data validation successful....
[2025-01-15 15:04:58] - INFO - >>>>>>>>>>Data Validation Stage completed successfully.<<<<<<<<<<<
[2025-01-15 15:04:58] - INFO - >>>>>> Starting stage Data Transformation stage <<<<<<
[2025-01-15 15:04:58] - INFO - Yaml file read successfully
[2025-01-15 15:04:58] - INFO - Yaml file read successfully
[2025-01-15 15:04:58] - INFO - Yaml file read successfully
[2025-01-15 15:04:58] - INFO - Directory created at artifacts
[2025-01-15 15:04:58] - INFO - ConfigurationManager initialized successfully.
[2025-01-15 15:04:58] - INFO - Directory created at artifacts/data_transformation
[2025-01-15 15:04:58] - INFO - Data transformation configuration fetched successfully.
[2025-01-15 15:04:58] - INFO - >>>>>> Data Transformation stage completed successfully. <<<<<<
[2025-01-15 15:04:58] - INFO - >>>>>>>>>>Starting Model Training Stage<<<<<<<<<<<
[2025-01-15 15:04:58] - INFO - Model Training script started....
[2025-01-15 15:04:58] - INFO - Initializing ConfigurationManager....
[2025-01-15 15:04:58] - INFO - Yaml file read successfully
[2025-01-15 15:04:58] - INFO - Yaml file read successfully
[2025-01-15 15:04:58] - INFO - Yaml file read successfully
[2025-01-15 15:04:58] - INFO - Directory created at artifacts
[2025-01-15 15:04:58] - INFO - Fetching model training configuration....
[2025-01-15 15:04:58] - INFO - Directory created at artifacts/model_trainer
[2025-01-15 15:04:58] - INFO - Initializing Model Trainer....
[2025-01-15 15:04:58] - INFO - Running Model Training....
[2025-01-15 15:04:58] - INFO - Training the model Started...
[2025-01-15 15:04:58] - INFO - Reading the datasets...
[2025-01-15 15:04:58] - INFO - Separating features and target...
[2025-01-15 15:04:58] - INFO - strart the model building... 
[2025-01-15 15:04:58] - INFO - Training the model...
[2025-01-15 15:04:58] - INFO - Model training completed...
[2025-01-15 15:04:58] - INFO - Saving the model...
[2025-01-15 15:04:58] - INFO - Model saved...
[2025-01-15 15:04:58] - ERROR - Model Training failed.....
[2025-01-15 15:04:58] - INFO - >>>>>>>>>>Model Training Stage completed successfully.<<<<<<<<<<<
[2025-01-15 17:21:27] - INFO - Yaml file read successfully
[2025-01-15 17:21:28] - INFO - Yaml file read successfully
[2025-01-15 17:21:28] - INFO - Yaml file read successfully
[2025-01-15 17:21:28] - INFO - Directory created at artifacts
[2025-01-15 17:21:28] - INFO - Directory created at artifacts/model_evaluation
[2025-01-15 17:27:16] - INFO - Yaml file read successfully
[2025-01-15 17:27:16] - INFO - Yaml file read successfully
[2025-01-15 17:27:16] - INFO - Yaml file read successfully
[2025-01-15 17:27:16] - INFO - Directory created at artifacts
[2025-01-15 17:27:16] - INFO - Directory created at artifacts/model_evaluation
[2025-01-15 17:34:28] - INFO - Yaml file read successfully
[2025-01-15 17:34:28] - INFO - Yaml file read successfully
[2025-01-15 17:34:29] - INFO - Yaml file read successfully
[2025-01-15 17:34:29] - INFO - Directory created at artifacts
[2025-01-15 17:34:29] - INFO - Directory created at artifacts/model_evaluation
[2025-01-15 18:52:44] - INFO - Yaml file read successfully
[2025-01-15 18:52:44] - INFO - Yaml file read successfully
[2025-01-15 18:52:44] - INFO - Yaml file read successfully
[2025-01-15 18:52:44] - INFO - Directory created at artifacts
[2025-01-15 18:52:44] - INFO - Directory created at artifacts/model_evaluation
[2025-01-15 18:52:46] - INFO - JSON data saved to artifacts\model_evaluation\metrics.json
[2025-01-15 19:01:41] - INFO - Yaml file read successfully
[2025-01-15 19:01:41] - INFO - Yaml file read successfully
[2025-01-15 19:01:41] - INFO - Yaml file read successfully
[2025-01-15 19:01:41] - INFO - Directory created at artifacts
[2025-01-15 19:01:41] - INFO - Directory created at artifacts/model_evaluation
[2025-01-15 19:01:43] - INFO - JSON data saved to artifacts\model_evaluation\metrics.json
[2025-01-15 19:09:06] - INFO - Yaml file read successfully
[2025-01-15 19:09:06] - INFO - Yaml file read successfully
[2025-01-15 19:09:06] - INFO - Yaml file read successfully
[2025-01-15 19:09:06] - INFO - Directory created at artifacts
[2025-01-15 19:09:06] - INFO - Directory created at artifacts/model_evaluation
[2025-01-15 19:09:06] - INFO - JSON data saved to artifacts\model_evaluation\metrics.json
[2025-01-15 19:12:46] - INFO - Yaml file read successfully
[2025-01-15 19:12:46] - INFO - Yaml file read successfully
[2025-01-15 19:12:46] - INFO - Yaml file read successfully
[2025-01-15 19:12:46] - INFO - Directory created at artifacts
[2025-01-15 19:12:46] - INFO - Directory created at artifacts/model_evaluation
[2025-01-15 19:12:47] - INFO - JSON data saved to artifacts\model_evaluation\metrics.json
[2025-01-15 19:14:31] - INFO - Yaml file read successfully
[2025-01-15 19:14:31] - INFO - Yaml file read successfully
[2025-01-15 19:14:31] - INFO - Yaml file read successfully
[2025-01-15 19:14:31] - INFO - Directory created at artifacts
[2025-01-15 19:14:31] - INFO - Directory created at artifacts/model_evaluation
[2025-01-15 19:14:32] - INFO - JSON data saved to artifacts\model_evaluation\metrics.json
[2025-01-15 19:15:27] - INFO - Yaml file read successfully
[2025-01-15 19:15:27] - INFO - Yaml file read successfully
[2025-01-15 19:15:27] - INFO - Yaml file read successfully
[2025-01-15 19:15:27] - INFO - Directory created at artifacts
[2025-01-15 19:15:27] - INFO - Directory created at artifacts/model_evaluation
[2025-01-15 19:18:58] - INFO - Yaml file read successfully
[2025-01-15 19:18:58] - INFO - Yaml file read successfully
[2025-01-15 19:18:58] - INFO - Yaml file read successfully
[2025-01-15 19:18:58] - INFO - Directory created at artifacts
[2025-01-15 19:18:58] - INFO - Directory created at artifacts/model_evaluation
[2025-01-15 19:21:49] - INFO - Yaml file read successfully
[2025-01-15 19:21:49] - INFO - Yaml file read successfully
[2025-01-15 19:21:49] - INFO - Yaml file read successfully
[2025-01-15 19:21:49] - INFO - Directory created at artifacts
[2025-01-15 19:21:49] - INFO - Directory created at artifacts/model_evaluation
[2025-01-15 19:21:55] - INFO - Yaml file read successfully
[2025-01-15 19:21:55] - INFO - Yaml file read successfully
[2025-01-15 19:21:55] - INFO - Yaml file read successfully
[2025-01-15 19:21:55] - INFO - Directory created at artifacts
[2025-01-15 19:21:55] - INFO - Directory created at artifacts/model_evaluation
[2025-01-15 19:27:03] - INFO - Yaml file read successfully
[2025-01-15 19:27:03] - INFO - Yaml file read successfully
[2025-01-15 19:27:03] - INFO - Yaml file read successfully
[2025-01-15 19:27:03] - INFO - Directory created at artifacts
[2025-01-15 19:27:03] - INFO - Directory created at artifacts/model_evaluation
[2025-01-15 19:27:04] - INFO - JSON data saved to artifacts\model_evaluation\metrics.json
[2025-01-15 19:28:33] - INFO - Yaml file read successfully
[2025-01-15 19:28:33] - INFO - Yaml file read successfully
[2025-01-15 19:28:33] - INFO - Yaml file read successfully
[2025-01-15 19:28:33] - INFO - Directory created at artifacts
[2025-01-15 19:28:33] - INFO - Directory created at artifacts/model_evaluation
[2025-01-15 19:28:35] - INFO - JSON data saved to artifacts/model_evaluation/metrics.json
[2025-01-15 19:30:18] - INFO - Yaml file read successfully
[2025-01-15 19:30:18] - INFO - Yaml file read successfully
[2025-01-15 19:30:18] - INFO - Yaml file read successfully
[2025-01-15 19:30:18] - INFO - Directory created at artifacts
[2025-01-15 19:30:18] - INFO - Directory created at artifacts/model_evaluation
[2025-01-15 19:30:19] - INFO - JSON data saved to artifacts/model_evaluation/metrics.json
